<?xml version="1.0" encoding="UTF-8"?>
<testng-results ignored="0" total="8" passed="6" failed="0" skipped="2">
  <reporter-output>
  </reporter-output>
  <suite started-at="2021-11-29T09:08:54Z" name="Data Driven Basics" finished-at="2021-11-29T09:09:09Z" duration-ms="15097">
    <groups>
    </groups>
    <test started-at="2021-11-29T09:08:54Z" name="Bank Manager Login Test" finished-at="2021-11-29T09:08:58Z" duration-ms="4463">
      <class name="com.k.testcases.BankManagerLoginTest">
        <test-method signature="bankManagerLoginTest()[pri:0, instance:com.k.testcases.BankManagerLoginTest@3bde62ff]" started-at="2021-11-29T09:08:54Z" name="bankManagerLoginTest" finished-at="2021-11-29T09:08:58Z" duration-ms="4368" status="PASS">
          <reporter-output>
          </reporter-output>
        </test-method> <!-- bankManagerLoginTest -->
      </class> <!-- com.k.testcases.BankManagerLoginTest -->
    </test> <!-- Bank Manager Login Test -->
    <test started-at="2021-11-29T09:09:01Z" name="Add Customer Test" finished-at="2021-11-29T09:09:05Z" duration-ms="4381">
      <class name="com.k.testcases.AddCustomerTest">
        <test-method signature="addCustomerTest(java.lang.String, java.lang.String, java.lang.String, java.lang.String)[pri:0, instance:com.k.testcases.AddCustomerTest@1b0a7baf]" started-at="2021-11-29T09:09:01Z" name="addCustomerTest" data-provider="dp" finished-at="2021-11-29T09:09:03Z" duration-ms="2392" status="PASS">
          <params>
            <param index="0">
              <value>
                <![CDATA[Komal]]>
              </value>
            </param>
            <param index="1">
              <value>
                <![CDATA[Gaur]]>
              </value>
            </param>
            <param index="2">
              <value>
                <![CDATA[560017.0]]>
              </value>
            </param>
            <param index="3">
              <value>
                <![CDATA[Y]]>
              </value>
            </param>
          </params>
          <reporter-output>
          </reporter-output>
        </test-method> <!-- addCustomerTest -->
        <test-method signature="addCustomerTest(java.lang.String, java.lang.String, java.lang.String, java.lang.String)[pri:0, instance:com.k.testcases.AddCustomerTest@1b0a7baf]" started-at="2021-11-29T09:09:03Z" name="addCustomerTest" data-provider="dp" finished-at="2021-11-29T09:09:03Z" duration-ms="2" status="SKIP">
          <params>
            <param index="0">
              <value>
                <![CDATA[Tushar]]>
              </value>
            </param>
            <param index="1">
              <value>
                <![CDATA[Gaur]]>
              </value>
            </param>
            <param index="2">
              <value>
                <![CDATA[560018.0]]>
              </value>
            </param>
            <param index="3">
              <value>
                <![CDATA[N]]>
              </value>
            </param>
          </params>
          <exception class="org.testng.SkipException">
            <message>
              <![CDATA[Skipping the testcase as Runmode is No]]>
            </message>
            <full-stacktrace>
              <![CDATA[org.testng.SkipException: Skipping the testcase as Runmode is No
at com.k.testcases.AddCustomerTest.addCustomerTest(AddCustomerTest.java:19)
at java.base/jdk.internal.reflect.NativeMethodAccessorImpl.invoke0(Native Method)
at java.base/jdk.internal.reflect.NativeMethodAccessorImpl.invoke(NativeMethodAccessorImpl.java:62)
at java.base/jdk.internal.reflect.DelegatingMethodAccessorImpl.invoke(DelegatingMethodAccessorImpl.java:43)
at java.base/java.lang.reflect.Method.invoke(Method.java:566)
at org.testng.internal.MethodInvocationHelper.invokeMethod(MethodInvocationHelper.java:124)
at org.testng.internal.Invoker.invokeMethod(Invoker.java:583)
at org.testng.internal.Invoker.invokeTestMethod(Invoker.java:719)
at org.testng.internal.Invoker.invokeTestMethods(Invoker.java:989)
at org.testng.internal.TestMethodWorker.invokeTestMethods(TestMethodWorker.java:125)
at org.testng.internal.TestMethodWorker.run(TestMethodWorker.java:109)
at org.testng.TestRunner.privateRun(TestRunner.java:648)
at org.testng.TestRunner.run(TestRunner.java:505)
at org.testng.SuiteRunner.runTest(SuiteRunner.java:455)
at org.testng.SuiteRunner.runSequentially(SuiteRunner.java:450)
at org.testng.SuiteRunner.privateRun(SuiteRunner.java:415)
at org.testng.SuiteRunner.run(SuiteRunner.java:364)
at org.testng.SuiteRunnerWorker.runSuite(SuiteRunnerWorker.java:52)
at org.testng.SuiteRunnerWorker.run(SuiteRunnerWorker.java:84)
at org.testng.TestNG.runSuitesSequentially(TestNG.java:1208)
at org.testng.TestNG.runSuitesLocally(TestNG.java:1137)
at org.testng.TestNG.runSuites(TestNG.java:1049)
at org.testng.TestNG.run(TestNG.java:1017)
at org.testng.remote.AbstractRemoteTestNG.run(AbstractRemoteTestNG.java:115)
at org.testng.remote.RemoteTestNG.initAndRun(RemoteTestNG.java:251)
at org.testng.remote.RemoteTestNG.main(RemoteTestNG.java:77)
]]>
            </full-stacktrace>
          </exception> <!-- org.testng.SkipException -->
          <reporter-output>
          </reporter-output>
        </test-method> <!-- addCustomerTest -->
        <test-method signature="addCustomerTest(java.lang.String, java.lang.String, java.lang.String, java.lang.String)[pri:0, instance:com.k.testcases.AddCustomerTest@1b0a7baf]" started-at="2021-11-29T09:09:03Z" name="addCustomerTest" data-provider="dp" finished-at="2021-11-29T09:09:04Z" duration-ms="545" status="PASS">
          <params>
            <param index="0">
              <value>
                <![CDATA[Kapil]]>
              </value>
            </param>
            <param index="1">
              <value>
                <![CDATA[Choudhary]]>
              </value>
            </param>
            <param index="2">
              <value>
                <![CDATA[226012.0]]>
              </value>
            </param>
            <param index="3">
              <value>
                <![CDATA[Y]]>
              </value>
            </param>
          </params>
          <reporter-output>
          </reporter-output>
        </test-method> <!-- addCustomerTest -->
        <test-method signature="addCustomerTest(java.lang.String, java.lang.String, java.lang.String, java.lang.String)[pri:0, instance:com.k.testcases.AddCustomerTest@1b0a7baf]" started-at="2021-11-29T09:09:04Z" name="addCustomerTest" data-provider="dp" finished-at="2021-11-29T09:09:04Z" duration-ms="3" status="SKIP">
          <params>
            <param index="0">
              <value>
                <![CDATA[Arpita ]]>
              </value>
            </param>
            <param index="1">
              <value>
                <![CDATA[Srivastava]]>
              </value>
            </param>
            <param index="2">
              <value>
                <![CDATA[226001.0]]>
              </value>
            </param>
            <param index="3">
              <value>
                <![CDATA[N]]>
              </value>
            </param>
          </params>
          <exception class="org.testng.SkipException">
            <message>
              <![CDATA[Skipping the testcase as Runmode is No]]>
            </message>
            <full-stacktrace>
              <![CDATA[org.testng.SkipException: Skipping the testcase as Runmode is No
at com.k.testcases.AddCustomerTest.addCustomerTest(AddCustomerTest.java:19)
at java.base/jdk.internal.reflect.NativeMethodAccessorImpl.invoke0(Native Method)
at java.base/jdk.internal.reflect.NativeMethodAccessorImpl.invoke(NativeMethodAccessorImpl.java:62)
at java.base/jdk.internal.reflect.DelegatingMethodAccessorImpl.invoke(DelegatingMethodAccessorImpl.java:43)
at java.base/java.lang.reflect.Method.invoke(Method.java:566)
at org.testng.internal.MethodInvocationHelper.invokeMethod(MethodInvocationHelper.java:124)
at org.testng.internal.Invoker.invokeMethod(Invoker.java:583)
at org.testng.internal.Invoker.invokeTestMethod(Invoker.java:719)
at org.testng.internal.Invoker.invokeTestMethods(Invoker.java:989)
at org.testng.internal.TestMethodWorker.invokeTestMethods(TestMethodWorker.java:125)
at org.testng.internal.TestMethodWorker.run(TestMethodWorker.java:109)
at org.testng.TestRunner.privateRun(TestRunner.java:648)
at org.testng.TestRunner.run(TestRunner.java:505)
at org.testng.SuiteRunner.runTest(SuiteRunner.java:455)
at org.testng.SuiteRunner.runSequentially(SuiteRunner.java:450)
at org.testng.SuiteRunner.privateRun(SuiteRunner.java:415)
at org.testng.SuiteRunner.run(SuiteRunner.java:364)
at org.testng.SuiteRunnerWorker.runSuite(SuiteRunnerWorker.java:52)
at org.testng.SuiteRunnerWorker.run(SuiteRunnerWorker.java:84)
at org.testng.TestNG.runSuitesSequentially(TestNG.java:1208)
at org.testng.TestNG.runSuitesLocally(TestNG.java:1137)
at org.testng.TestNG.runSuites(TestNG.java:1049)
at org.testng.TestNG.run(TestNG.java:1017)
at org.testng.remote.AbstractRemoteTestNG.run(AbstractRemoteTestNG.java:115)
at org.testng.remote.RemoteTestNG.initAndRun(RemoteTestNG.java:251)
at org.testng.remote.RemoteTestNG.main(RemoteTestNG.java:77)
]]>
            </full-stacktrace>
          </exception> <!-- org.testng.SkipException -->
          <reporter-output>
          </reporter-output>
        </test-method> <!-- addCustomerTest -->
        <test-method signature="addCustomerTest(java.lang.String, java.lang.String, java.lang.String, java.lang.String)[pri:0, instance:com.k.testcases.AddCustomerTest@1b0a7baf]" started-at="2021-11-29T09:09:04Z" name="addCustomerTest" data-provider="dp" finished-at="2021-11-29T09:09:04Z" duration-ms="644" status="PASS">
          <params>
            <param index="0">
              <value>
                <![CDATA[Nehil ]]>
              </value>
            </param>
            <param index="1">
              <value>
                <![CDATA[Gaur]]>
              </value>
            </param>
            <param index="2">
              <value>
                <![CDATA[324009.0]]>
              </value>
            </param>
            <param index="3">
              <value>
                <![CDATA[Y]]>
              </value>
            </param>
          </params>
          <reporter-output>
          </reporter-output>
        </test-method> <!-- addCustomerTest -->
        <test-method signature="addCustomerTest(java.lang.String, java.lang.String, java.lang.String, java.lang.String)[pri:0, instance:com.k.testcases.AddCustomerTest@1b0a7baf]" started-at="2021-11-29T09:09:04Z" name="addCustomerTest" data-provider="dp" finished-at="2021-11-29T09:09:05Z" duration-ms="493" status="PASS">
          <params>
            <param index="0">
              <value>
                <![CDATA[Ayushi ]]>
              </value>
            </param>
            <param index="1">
              <value>
                <![CDATA[Gaur]]>
              </value>
            </param>
            <param index="2">
              <value>
                <![CDATA[324005.0]]>
              </value>
            </param>
            <param index="3">
              <value>
                <![CDATA[Y]]>
              </value>
            </param>
          </params>
          <reporter-output>
          </reporter-output>
        </test-method> <!-- addCustomerTest -->
      </class> <!-- com.k.testcases.AddCustomerTest -->
    </test> <!-- Add Customer Test -->
    <test started-at="2021-11-29T09:09:05Z" name="Open Account Test" finished-at="2021-11-29T09:09:09Z" duration-ms="3682">
      <class name="com.k.testcases.OpenAccountTest">
        <test-method is-config="true" signature="setUp()[pri:0, instance:com.k.testcases.OpenAccountTest@782a4fff]" started-at="2021-11-29T09:08:26Z" name="setUp" finished-at="2021-11-29T09:08:54Z" duration-ms="27795" status="PASS">
          <reporter-output>
          </reporter-output>
        </test-method> <!-- setUp -->
        <test-method signature="openAccountTest(java.lang.String, java.lang.String, java.lang.String)[pri:0, instance:com.k.testcases.OpenAccountTest@782a4fff]" started-at="2021-11-29T09:09:05Z" name="openAccountTest" data-provider="dp" finished-at="2021-11-29T09:09:09Z" duration-ms="3667" status="PASS">
          <params>
            <param index="0">
              <value>
                <![CDATA[Harry Potter]]>
              </value>
            </param>
            <param index="1">
              <value>
                <![CDATA[Rupee]]>
              </value>
            </param>
            <param index="2">
              <value>
                <![CDATA[Account created successfully]]>
              </value>
            </param>
          </params>
          <reporter-output>
          </reporter-output>
        </test-method> <!-- openAccountTest -->
        <test-method is-config="true" signature="testDown()[pri:0, instance:com.k.testcases.OpenAccountTest@782a4fff]" started-at="2021-11-29T09:09:09Z" name="testDown" finished-at="2021-11-29T09:09:11Z" duration-ms="1662" status="PASS">
          <reporter-output>
          </reporter-output>
        </test-method> <!-- testDown -->
      </class> <!-- com.k.testcases.OpenAccountTest -->
    </test> <!-- Open Account Test -->
  </suite> <!-- Data Driven Basics -->
</testng-results>
